  Main.cpp
c:\users\and_t\documents\skole\bio-inspirert kunstig intelligens\prosjekt1\ga-for-mdvrp\problemloader.h(3): warning C4067: unexpected tokens following preprocessor directive - expected a newline
c:\users\and_t\documents\skole\bio-inspirert kunstig intelligens\prosjekt1\ga-for-mdvrp\output.h(23): warning C4018: '<': signed/unsigned mismatch
c:\users\and_t\documents\skole\bio-inspirert kunstig intelligens\prosjekt1\ga-for-mdvrp\output.h(25): warning C4018: '<': signed/unsigned mismatch
c:\users\and_t\documents\skole\bio-inspirert kunstig intelligens\prosjekt1\ga-for-mdvrp\output.h(32): warning C4018: '<': signed/unsigned mismatch
c:\users\and_t\documents\skole\bio-inspirert kunstig intelligens\prosjekt1\ga-for-mdvrp\main.cpp(23): warning C4244: 'argument': conversion from 'time_t' to 'unsigned int', possible loss of data
  ProblemSolver.cpp
c:\users\and_t\documents\skole\bio-inspirert kunstig intelligens\prosjekt1\ga-for-mdvrp\problemsolver.cpp(10): warning C4018: '<': signed/unsigned mismatch
c:\users\and_t\documents\skole\bio-inspirert kunstig intelligens\prosjekt1\ga-for-mdvrp\problemsolver.cpp(11): warning C4244: '=': conversion from 'int' to 'float', possible loss of data
c:\users\and_t\documents\skole\bio-inspirert kunstig intelligens\prosjekt1\ga-for-mdvrp\problemsolver.cpp(49): warning C4018: '<': signed/unsigned mismatch
c:\users\and_t\documents\skole\bio-inspirert kunstig intelligens\prosjekt1\ga-for-mdvrp\problemsolver.cpp(50): warning C4244: '=': conversion from 'float' to 'int', possible loss of data
c:\users\and_t\documents\skole\bio-inspirert kunstig intelligens\prosjekt1\ga-for-mdvrp\problemsolver.cpp(51): warning C4244: '=': conversion from 'int' to 'float', possible loss of data
c:\users\and_t\documents\skole\bio-inspirert kunstig intelligens\prosjekt1\ga-for-mdvrp\problemsolver.cpp(52): warning C4244: 'argument': conversion from 'int' to 'const _Ty', possible loss of data
          with
          [
              _Ty=float
          ]
c:\users\and_t\documents\skole\bio-inspirert kunstig intelligens\prosjekt1\ga-for-mdvrp\problemsolver.cpp(62): warning C4018: '<': signed/unsigned mismatch
c:\users\and_t\documents\skole\bio-inspirert kunstig intelligens\prosjekt1\ga-for-mdvrp\problemsolver.cpp(81): warning C4305: '=': truncation from '__int64' to 'int'
c:\users\and_t\documents\skole\bio-inspirert kunstig intelligens\prosjekt1\ga-for-mdvrp\problemsolver.cpp(81): warning C4309: '=': truncation of constant value
c:\users\and_t\documents\skole\bio-inspirert kunstig intelligens\prosjekt1\ga-for-mdvrp\problemsolver.cpp(95): warning C4018: '<': signed/unsigned mismatch
c:\users\and_t\documents\skole\bio-inspirert kunstig intelligens\prosjekt1\ga-for-mdvrp\problemsolver.cpp(98): warning C4018: '>=': signed/unsigned mismatch
  Generating Code...
  BioAI1.vcxproj -> C:\Users\and_t\Documents\Skole\Bio-Inspirert Kunstig Intelligens\Prosjekt1\GA-for-MDVRP\Debug\BioAI1.exe
